<?xml version="1.0" encoding="UTF-8"?><testsuite errors="1" failures="0" name="com.gorest.gorestinfo.UserCRUDTestWithInfo" skipped="0" tests="1" time="0.25" timestamp="2023-01-03T21:17:10.499Z[Europe/London]"><testcase classname="com.gorest.gorestinfo.UserCRUDTestWithInfo" name="This will create new user"><error message="baseURI cannot be null" type="java.lang.IllegalArgumentException">baseURI cannot be null</error><system-err>baseURI cannot be null&#13;
io.restassured.internal.assertion.AssertParameter.notNull(AssertParameter.groovy:26)&#13;
io.restassured.internal.RequestSpecificationImpl.&lt;init&gt;(RequestSpecificationImpl.groovy:132)&#13;
io.restassured.RestAssured.createTestSpecification(RestAssured.java:1492)&#13;
io.restassured.RestAssured.given(RestAssured.java:711)&#13;
net.serenitybdd.rest.SerenityRest.given(SerenityRest.java:211)&#13;
com.gorest.info.UserSteps.createUser(UserSteps.java:16)&#13;
com.gorest.gorestinfo.UserCRUDTestWithInfo.test001(UserCRUDTestWithInfo.java:38)&#13;
</system-err></testcase></testsuite>